24.12.2024 19:07:24 [INFO]: (MAIN) - Server closed by terminale...
24.12.2024 19:07:32 [INFO]: (MAIN) - Server started...
24.12.2024 19:10:49 [ERROR]: (CreateAuction) - An item with the same key has already been added. Key: lot_ids
24.12.2024 19:14:47 [INFO]: (MAIN) - Server closed by terminale...
24.12.2024 19:14:54 [INFO]: (MAIN) - Server started...
24.12.2024 19:15:03 [ERROR]: (CreateAuction) - An item with the same key has already been added. Key: lot_ids
24.12.2024 19:15:24 [INFO]: (MAIN) - Server closed by terminale...
24.12.2024 19:15:36 [INFO]: (MAIN) - Server started...
24.12.2024 19:15:48 [ERROR]: (CreateAuction) - An item with the same key has already been added. Key: lot_ids
24.12.2024 20:06:01 [INFO]: (MAIN) - Server closed by terminale...
24.12.2024 20:06:13 [INFO]: (MAIN) - Server started...
24.12.2024 20:06:37 [ERROR]: (CreateAuction) - An item with the same key has already been added. Key: lot_ids2
24.12.2024 20:12:54 [INFO]: (MAIN) - Server closed by terminale...
24.12.2024 20:13:00 [INFO]: (MAIN) - Server started...
24.12.2024 20:13:27 [ERROR]: (CreateAuction) - An item with the same key has already been added. Key: lot_ids2
25.12.2024 0:07:21 [INFO]: (MAIN) - Server started...
25.12.2024 0:08:01 [ERROR]: (CreateAuction) - The given key 'auct_name' was not present in the dictionary.
25.12.2024 0:13:41 [INFO]: (MAIN) - Server closed by terminale...
25.12.2024 0:13:46 [INFO]: (MAIN) - Server started...
25.12.2024 0:14:10 [ERROR]: (CreateAuction) - The given key 'auct_name' was not present in the dictionary.
25.12.2024 0:14:47 [INFO]: (MAIN) - Server closed by terminale...
25.12.2024 0:14:51 [INFO]: (MAIN) - Server started...
25.12.2024 0:14:58 [ERROR]: (CreateAuction) - The given key 'auct_name' was not present in the dictionary.
25.12.2024 0:15:08 [ERROR]: (CreateAuction) - The given key 'auct_name' was not present in the dictionary.
25.12.2024 0:15:13 [ERROR]: (CreateAuction) - An item with the same key has already been added. Key: lot_ids2
25.12.2024 12:05:19 [INFO]: (MAIN) - Server started...
25.12.2024 12:06:04 [INFO]: (MAIN) - Server closed by terminale...
25.12.2024 12:06:25 [INFO]: (MAIN) - Server started...
25.12.2024 12:07:21 [INFO]: (MAIN) - Server started...
25.12.2024 12:08:01 [INFO]: (MAIN) - Server started...
25.12.2024 12:10:25 [INFO]: (MAIN) - Server started...
25.12.2024 12:13:58 [INFO]: (MAIN) - Server started...
25.12.2024 12:18:17 [INFO]: (MAIN) - Server started...
25.12.2024 12:26:32 [INFO]: (MAIN) - Server closed by terminale...
25.12.2024 12:28:51 [INFO]: (MAIN) - Server started...
25.12.2024 12:32:14 [INFO]: (MAIN) - Server closed by terminale...
25.12.2024 12:32:21 [INFO]: (MAIN) - Server started...
25.12.2024 12:35:37 [INFO]: (MAIN) - Server started...
25.12.2024 12:52:08 [INFO]: (MAIN) - Server closed by terminale...
25.12.2024 12:52:17 [INFO]: (MAIN) - Server started...
